{"/Users/wojtekhombek/Library/CloudStorage/OneDrive-Personal/02_KURSY/10xDEVS/10x-cards/src/components/flashcards/FlashcardSuggestionCard.tsx": {"path":"/Users/wojtekhombek/Library/CloudStorage/OneDrive-Personal/02_KURSY/10xDEVS/10x-cards/src/components/flashcards/FlashcardSuggestionCard.tsx","all":false,"statementMap":{"0":{"start":{"line":1,"column":0},"end":{"line":1,"column":92}},"1":{"start":{"line":2,"column":0},"end":{"line":2,"column":48}},"12":{"start":{"line":13,"column":0},"end":{"line":13,"column":42}},"13":{"start":{"line":14,"column":0},"end":{"line":14,"column":14}},"14":{"start":{"line":15,"column":0},"end":{"line":15,"column":12}},"15":{"start":{"line":16,"column":0},"end":{"line":16,"column":12}},"16":{"start":{"line":17,"column":0},"end":{"line":17,"column":11}},"17":{"start":{"line":18,"column":0},"end":{"line":18,"column":53}},"18":{"start":{"line":19,"column":0},"end":{"line":19,"column":37}},"19":{"start":{"line":20,"column":0},"end":{"line":20,"column":10}},"20":{"start":{"line":21,"column":0},"end":{"line":21,"column":35}},"21":{"start":{"line":22,"column":0},"end":{"line":22,"column":18}},"22":{"start":{"line":23,"column":0},"end":{"line":23,"column":50}},"23":{"start":{"line":24,"column":0},"end":{"line":24,"column":19}},"24":{"start":{"line":25,"column":0},"end":{"line":25,"column":41}},"25":{"start":{"line":26,"column":0},"end":{"line":26,"column":35}},"26":{"start":{"line":27,"column":0},"end":{"line":27,"column":56}},"27":{"start":{"line":28,"column":0},"end":{"line":28,"column":105}},"28":{"start":{"line":29,"column":0},"end":{"line":29,"column":14}},"29":{"start":{"line":30,"column":0},"end":{"line":30,"column":35}},"30":{"start":{"line":31,"column":0},"end":{"line":31,"column":54}},"31":{"start":{"line":32,"column":0},"end":{"line":32,"column":103}},"32":{"start":{"line":33,"column":0},"end":{"line":33,"column":14}},"33":{"start":{"line":34,"column":0},"end":{"line":34,"column":20}},"34":{"start":{"line":35,"column":0},"end":{"line":35,"column":53}},"35":{"start":{"line":36,"column":0},"end":{"line":36,"column":125}},"37":{"start":{"line":38,"column":0},"end":{"line":38,"column":17}},"38":{"start":{"line":39,"column":0},"end":{"line":39,"column":107}},"40":{"start":{"line":41,"column":0},"end":{"line":41,"column":17}},"41":{"start":{"line":42,"column":0},"end":{"line":42,"column":19}},"42":{"start":{"line":43,"column":0},"end":{"line":43,"column":11}},"44":{"start":{"line":45,"column":0},"end":{"line":45,"column":2}}},"s":{"0":1,"1":1,"12":1,"13":12,"14":12,"15":12,"16":12,"17":12,"18":12,"19":12,"20":12,"21":12,"22":12,"23":12,"24":12,"25":12,"26":12,"27":12,"28":12,"29":12,"30":12,"31":12,"32":12,"33":12,"34":12,"35":12,"37":12,"38":12,"40":12,"41":12,"42":12,"44":12},"branchMap":{"0":{"type":"branch","line":13,"loc":{"start":{"line":13,"column":39},"end":{"line":45,"column":2}},"locations":[{"start":{"line":13,"column":39},"end":{"line":45,"column":2}}]}},"b":{"0":[12]},"fnMap":{"0":{"name":"FlashcardSuggestionCard","decl":{"start":{"line":13,"column":39},"end":{"line":45,"column":2}},"loc":{"start":{"line":13,"column":39},"end":{"line":45,"column":2}},"line":13}},"f":{"0":12}}
,"/Users/wojtekhombek/Library/CloudStorage/OneDrive-Personal/02_KURSY/10xDEVS/10x-cards/src/components/flashcards/GenerowanieFiszkiView.tsx": {"path":"/Users/wojtekhombek/Library/CloudStorage/OneDrive-Personal/02_KURSY/10xDEVS/10x-cards/src/components/flashcards/GenerowanieFiszkiView.tsx","all":false,"statementMap":{"0":{"start":{"line":1,"column":0},"end":{"line":1,"column":33}},"2":{"start":{"line":3,"column":0},"end":{"line":3,"column":40}},"3":{"start":{"line":4,"column":0},"end":{"line":4,"column":68}},"4":{"start":{"line":5,"column":0},"end":{"line":5,"column":59}},"5":{"start":{"line":6,"column":0},"end":{"line":6,"column":48}},"7":{"start":{"line":8,"column":0},"end":{"line":8,"column":44}},"8":{"start":{"line":9,"column":0},"end":{"line":9,"column":49}},"9":{"start":{"line":10,"column":0},"end":{"line":10,"column":48}},"10":{"start":{"line":11,"column":0},"end":{"line":11,"column":58}},"11":{"start":{"line":12,"column":0},"end":{"line":12,"column":113}},"13":{"start":{"line":14,"column":0},"end":{"line":14,"column":33}},"14":{"start":{"line":15,"column":0},"end":{"line":15,"column":49}},"15":{"start":{"line":16,"column":0},"end":{"line":16,"column":87}},"16":{"start":{"line":17,"column":0},"end":{"line":17,"column":4}},"18":{"start":{"line":19,"column":0},"end":{"line":19,"column":59}},"19":{"start":{"line":20,"column":0},"end":{"line":20,"column":9}},"20":{"start":{"line":21,"column":0},"end":{"line":21,"column":23}},"21":{"start":{"line":22,"column":0},"end":{"line":22,"column":21}},"22":{"start":{"line":23,"column":0},"end":{"line":23,"column":26}},"24":{"start":{"line":25,"column":0},"end":{"line":25,"column":64}},"25":{"start":{"line":26,"column":0},"end":{"line":26,"column":23}},"26":{"start":{"line":27,"column":0},"end":{"line":27,"column":18}},"27":{"start":{"line":28,"column":0},"end":{"line":28,"column":45}},"28":{"start":{"line":29,"column":0},"end":{"line":29,"column":10}},"29":{"start":{"line":30,"column":0},"end":{"line":30,"column":82}},"30":{"start":{"line":31,"column":0},"end":{"line":31,"column":9}},"32":{"start":{"line":33,"column":0},"end":{"line":33,"column":25}},"33":{"start":{"line":34,"column":0},"end":{"line":34,"column":38}},"34":{"start":{"line":35,"column":0},"end":{"line":35,"column":96}},"35":{"start":{"line":36,"column":0},"end":{"line":36,"column":45}},"36":{"start":{"line":37,"column":0},"end":{"line":37,"column":28}},"37":{"start":{"line":38,"column":0},"end":{"line":38,"column":17}},"38":{"start":{"line":39,"column":0},"end":{"line":39,"column":45}},"39":{"start":{"line":40,"column":0},"end":{"line":40,"column":91}},"40":{"start":{"line":41,"column":0},"end":{"line":41,"column":9}},"41":{"start":{"line":42,"column":0},"end":{"line":42,"column":87}},"42":{"start":{"line":43,"column":0},"end":{"line":43,"column":7}},"44":{"start":{"line":45,"column":0},"end":{"line":45,"column":71}},"45":{"start":{"line":46,"column":0},"end":{"line":46,"column":46}},"46":{"start":{"line":47,"column":0},"end":{"line":47,"column":19}},"47":{"start":{"line":48,"column":0},"end":{"line":48,"column":79}},"48":{"start":{"line":49,"column":0},"end":{"line":49,"column":15}},"49":{"start":{"line":50,"column":0},"end":{"line":50,"column":24}},"50":{"start":{"line":51,"column":0},"end":{"line":51,"column":5}},"51":{"start":{"line":52,"column":0},"end":{"line":52,"column":4}},"53":{"start":{"line":54,"column":0},"end":{"line":54,"column":45}},"54":{"start":{"line":55,"column":0},"end":{"line":55,"column":28}},"56":{"start":{"line":57,"column":0},"end":{"line":57,"column":9}},"57":{"start":{"line":58,"column":0},"end":{"line":58,"column":23}},"58":{"start":{"line":59,"column":0},"end":{"line":59,"column":21}},"60":{"start":{"line":61,"column":0},"end":{"line":61,"column":27}},"61":{"start":{"line":62,"column":0},"end":{"line":62,"column":32}},"62":{"start":{"line":63,"column":0},"end":{"line":63,"column":30}},"63":{"start":{"line":64,"column":0},"end":{"line":64,"column":40}},"64":{"start":{"line":65,"column":0},"end":{"line":65,"column":8}},"66":{"start":{"line":67,"column":0},"end":{"line":67,"column":55}},"67":{"start":{"line":68,"column":0},"end":{"line":68,"column":23}},"68":{"start":{"line":69,"column":0},"end":{"line":69,"column":18}},"69":{"start":{"line":70,"column":0},"end":{"line":70,"column":45}},"70":{"start":{"line":71,"column":0},"end":{"line":71,"column":10}},"71":{"start":{"line":72,"column":0},"end":{"line":72,"column":42}},"72":{"start":{"line":73,"column":0},"end":{"line":73,"column":9}},"74":{"start":{"line":75,"column":0},"end":{"line":75,"column":25}},"75":{"start":{"line":76,"column":0},"end":{"line":76,"column":38}},"76":{"start":{"line":77,"column":0},"end":{"line":77,"column":28}},"77":{"start":{"line":78,"column":0},"end":{"line":78,"column":17}},"78":{"start":{"line":79,"column":0},"end":{"line":79,"column":9}},"79":{"start":{"line":80,"column":0},"end":{"line":80,"column":38}},"80":{"start":{"line":81,"column":0},"end":{"line":81,"column":50}},"81":{"start":{"line":82,"column":0},"end":{"line":82,"column":113}},"82":{"start":{"line":83,"column":0},"end":{"line":83,"column":9}},"83":{"start":{"line":84,"column":0},"end":{"line":84,"column":75}},"84":{"start":{"line":85,"column":0},"end":{"line":85,"column":7}},"87":{"start":{"line":88,"column":0},"end":{"line":88,"column":23}},"88":{"start":{"line":89,"column":0},"end":{"line":89,"column":26}},"89":{"start":{"line":90,"column":0},"end":{"line":90,"column":19}},"90":{"start":{"line":91,"column":0},"end":{"line":91,"column":79}},"91":{"start":{"line":92,"column":0},"end":{"line":92,"column":15}},"92":{"start":{"line":93,"column":0},"end":{"line":93,"column":24}},"93":{"start":{"line":94,"column":0},"end":{"line":94,"column":5}},"94":{"start":{"line":95,"column":0},"end":{"line":95,"column":4}},"96":{"start":{"line":97,"column":0},"end":{"line":97,"column":39}},"97":{"start":{"line":98,"column":0},"end":{"line":98,"column":24}},"98":{"start":{"line":99,"column":0},"end":{"line":99,"column":4}},"100":{"start":{"line":101,"column":0},"end":{"line":101,"column":10}},"101":{"start":{"line":102,"column":0},"end":{"line":102,"column":71}},"102":{"start":{"line":103,"column":0},"end":{"line":103,"column":115}},"104":{"start":{"line":105,"column":0},"end":{"line":105,"column":76}},"106":{"start":{"line":107,"column":0},"end":{"line":107,"column":79}},"108":{"start":{"line":109,"column":0},"end":{"line":109,"column":22}},"109":{"start":{"line":110,"column":0},"end":{"line":110,"column":32}},"110":{"start":{"line":111,"column":0},"end":{"line":111,"column":33}},"111":{"start":{"line":112,"column":0},"end":{"line":112,"column":42}},"112":{"start":{"line":113,"column":0},"end":{"line":113,"column":42}},"113":{"start":{"line":114,"column":0},"end":{"line":114,"column":28}},"114":{"start":{"line":115,"column":0},"end":{"line":115,"column":44}},"115":{"start":{"line":116,"column":0},"end":{"line":116,"column":10}},"117":{"start":{"line":118,"column":0},"end":{"line":118,"column":10}},"119":{"start":{"line":120,"column":0},"end":{"line":120,"column":2}}},"s":{"0":1,"2":1,"3":1,"4":1,"5":1,"7":1,"8":90,"9":90,"10":90,"11":90,"13":90,"14":0,"15":0,"16":0,"18":90,"19":7,"20":7,"21":7,"22":7,"24":7,"25":7,"26":7,"27":7,"28":7,"29":7,"30":7,"32":7,"33":1,"34":1,"35":1,"36":0,"37":0,"38":0,"39":0,"40":0,"41":0,"42":0,"44":4,"45":4,"46":7,"47":2,"48":7,"49":6,"50":6,"51":7,"53":90,"54":2,"56":2,"57":2,"58":2,"60":2,"61":2,"62":2,"63":2,"64":2,"66":2,"67":2,"68":2,"69":2,"70":2,"71":2,"72":2,"74":2,"75":0,"76":0,"77":0,"78":0,"79":0,"80":0,"81":0,"82":0,"83":0,"84":0,"87":1,"88":1,"89":1,"90":1,"91":2,"92":2,"93":2,"94":2,"96":90,"97":1,"98":1,"100":90,"101":90,"102":90,"104":90,"106":90,"108":90,"109":7,"110":7,"111":7,"112":7,"113":7,"114":7,"115":7,"117":90,"119":90},"branchMap":{"0":{"type":"branch","line":8,"loc":{"start":{"line":8,"column":37},"end":{"line":120,"column":2}},"locations":[{"start":{"line":8,"column":37},"end":{"line":120,"column":2}}]},"1":{"type":"branch","line":105,"loc":{"start":{"line":105,"column":7},"end":{"line":105,"column":76}},"locations":[{"start":{"line":105,"column":7},"end":{"line":105,"column":76}}]},"2":{"type":"branch","line":107,"loc":{"start":{"line":107,"column":7},"end":{"line":107,"column":79}},"locations":[{"start":{"line":107,"column":7},"end":{"line":107,"column":79}}]},"3":{"type":"branch","line":109,"loc":{"start":{"line":109,"column":7},"end":{"line":116,"column":10}},"locations":[{"start":{"line":109,"column":7},"end":{"line":116,"column":10}}]},"4":{"type":"branch","line":19,"loc":{"start":{"line":19,"column":34},"end":{"line":52,"column":4}},"locations":[{"start":{"line":19,"column":34},"end":{"line":52,"column":4}}]},"5":{"type":"branch","line":31,"loc":{"start":{"line":31,"column":7},"end":{"line":33,"column":24}},"locations":[{"start":{"line":31,"column":7},"end":{"line":33,"column":24}}]},"6":{"type":"branch","line":33,"loc":{"start":{"line":33,"column":24},"end":{"line":43,"column":7}},"locations":[{"start":{"line":33,"column":24},"end":{"line":43,"column":7}}]},"7":{"type":"branch","line":36,"loc":{"start":{"line":36,"column":8},"end":{"line":43,"column":7}},"locations":[{"start":{"line":36,"column":8},"end":{"line":43,"column":7}}]},"8":{"type":"branch","line":43,"loc":{"start":{"line":43,"column":6},"end":{"line":47,"column":13}},"locations":[{"start":{"line":43,"column":6},"end":{"line":47,"column":13}}]},"9":{"type":"branch","line":47,"loc":{"start":{"line":47,"column":4},"end":{"line":49,"column":6}},"locations":[{"start":{"line":47,"column":4},"end":{"line":49,"column":6}}]},"10":{"type":"branch","line":48,"loc":{"start":{"line":48,"column":42},"end":{"line":48,"column":77}},"locations":[{"start":{"line":48,"column":42},"end":{"line":48,"column":77}}]},"11":{"type":"branch","line":49,"loc":{"start":{"line":49,"column":4},"end":{"line":51,"column":5}},"locations":[{"start":{"line":49,"column":4},"end":{"line":51,"column":5}}]},"12":{"type":"branch","line":54,"loc":{"start":{"line":54,"column":32},"end":{"line":95,"column":4}},"locations":[{"start":{"line":54,"column":32},"end":{"line":95,"column":4}}]},"13":{"type":"branch","line":55,"loc":{"start":{"line":55,"column":21},"end":{"line":55,"column":28}},"locations":[{"start":{"line":55,"column":21},"end":{"line":55,"column":28}}]},"14":{"type":"branch","line":73,"loc":{"start":{"line":73,"column":7},"end":{"line":75,"column":24}},"locations":[{"start":{"line":73,"column":7},"end":{"line":75,"column":24}}]},"15":{"type":"branch","line":75,"loc":{"start":{"line":75,"column":24},"end":{"line":85,"column":7}},"locations":[{"start":{"line":75,"column":24},"end":{"line":85,"column":7}}]},"16":{"type":"branch","line":85,"loc":{"start":{"line":85,"column":6},"end":{"line":92,"column":6}},"locations":[{"start":{"line":85,"column":6},"end":{"line":92,"column":6}}]},"17":{"type":"branch","line":91,"loc":{"start":{"line":91,"column":42},"end":{"line":91,"column":77}},"locations":[{"start":{"line":91,"column":42},"end":{"line":91,"column":77}}]},"18":{"type":"branch","line":97,"loc":{"start":{"line":97,"column":32},"end":{"line":99,"column":4}},"locations":[{"start":{"line":97,"column":32},"end":{"line":99,"column":4}}]}},"b":{"0":[90],"1":[3],"2":[3],"3":[7],"4":[7],"5":[5],"6":[1],"7":[0],"8":[4],"9":[2],"10":[0],"11":[6],"12":[2],"13":[0],"14":[1],"15":[0],"16":[1],"17":[0],"18":[1]},"fnMap":{"0":{"name":"GenerowanieFiszkiView","decl":{"start":{"line":8,"column":37},"end":{"line":120,"column":2}},"loc":{"start":{"line":8,"column":37},"end":{"line":120,"column":2}},"line":8},"1":{"name":"handleAuthError","decl":{"start":{"line":14,"column":26},"end":{"line":17,"column":4}},"loc":{"start":{"line":14,"column":26},"end":{"line":17,"column":4}},"line":14},"2":{"name":"handleGenerateFlashcard","decl":{"start":{"line":19,"column":34},"end":{"line":52,"column":4}},"loc":{"start":{"line":19,"column":34},"end":{"line":52,"column":4}},"line":19},"3":{"name":"handleAcceptFlashcard","decl":{"start":{"line":54,"column":32},"end":{"line":95,"column":4}},"loc":{"start":{"line":54,"column":32},"end":{"line":95,"column":4}},"line":54},"4":{"name":"handleRejectFlashcard","decl":{"start":{"line":97,"column":32},"end":{"line":99,"column":4}},"loc":{"start":{"line":97,"column":32},"end":{"line":99,"column":4}},"line":97}},"f":{"0":90,"1":0,"2":7,"3":2,"4":1}}
,"/Users/wojtekhombek/Library/CloudStorage/OneDrive-Personal/02_KURSY/10xDEVS/10x-cards/src/components/flashcards/InputForm.tsx": {"path":"/Users/wojtekhombek/Library/CloudStorage/OneDrive-Personal/02_KURSY/10xDEVS/10x-cards/src/components/flashcards/InputForm.tsx","all":false,"statementMap":{"0":{"start":{"line":1,"column":0},"end":{"line":1,"column":38}},"1":{"start":{"line":2,"column":0},"end":{"line":2,"column":92}},"2":{"start":{"line":3,"column":0},"end":{"line":3,"column":42}},"3":{"start":{"line":4,"column":0},"end":{"line":4,"column":54}},"4":{"start":{"line":5,"column":0},"end":{"line":5,"column":70}},"5":{"start":{"line":6,"column":0},"end":{"line":6,"column":24}},"6":{"start":{"line":7,"column":0},"end":{"line":7,"column":44}},"8":{"start":{"line":9,"column":0},"end":{"line":9,"column":29}},"9":{"start":{"line":10,"column":0},"end":{"line":10,"column":105}},"10":{"start":{"line":11,"column":0},"end":{"line":11,"column":3}},"21":{"start":{"line":22,"column":0},"end":{"line":22,"column":87}},"23":{"start":{"line":24,"column":0},"end":{"line":24,"column":54}},"25":{"start":{"line":26,"column":0},"end":{"line":26,"column":36}},"26":{"start":{"line":27,"column":0},"end":{"line":27,"column":38}},"27":{"start":{"line":28,"column":0},"end":{"line":28,"column":20}},"28":{"start":{"line":29,"column":0},"end":{"line":29,"column":18}},"29":{"start":{"line":30,"column":0},"end":{"line":30,"column":6}},"30":{"start":{"line":31,"column":0},"end":{"line":31,"column":5}},"32":{"start":{"line":33,"column":0},"end":{"line":33,"column":19}},"33":{"start":{"line":34,"column":0},"end":{"line":34,"column":32}},"34":{"start":{"line":35,"column":0},"end":{"line":35,"column":25}},"35":{"start":{"line":36,"column":0},"end":{"line":36,"column":20}},"37":{"start":{"line":38,"column":0},"end":{"line":38,"column":48}},"38":{"start":{"line":39,"column":0},"end":{"line":39,"column":44}},"39":{"start":{"line":40,"column":0},"end":{"line":40,"column":23}},"40":{"start":{"line":41,"column":0},"end":{"line":41,"column":29}},"41":{"start":{"line":42,"column":0},"end":{"line":42,"column":5}},"42":{"start":{"line":43,"column":0},"end":{"line":43,"column":4}},"45":{"start":{"line":46,"column":0},"end":{"line":46,"column":71}},"46":{"start":{"line":47,"column":0},"end":{"line":47,"column":36}},"47":{"start":{"line":48,"column":0},"end":{"line":48,"column":28}},"48":{"start":{"line":49,"column":0},"end":{"line":49,"column":23}},"49":{"start":{"line":50,"column":0},"end":{"line":50,"column":4}},"51":{"start":{"line":52,"column":0},"end":{"line":52,"column":10}},"52":{"start":{"line":53,"column":0},"end":{"line":53,"column":20}},"53":{"start":{"line":54,"column":0},"end":{"line":54,"column":12}},"54":{"start":{"line":55,"column":0},"end":{"line":55,"column":51}},"55":{"start":{"line":56,"column":0},"end":{"line":56,"column":30}},"56":{"start":{"line":57,"column":0},"end":{"line":57,"column":47}},"58":{"start":{"line":59,"column":0},"end":{"line":59,"column":18}},"59":{"start":{"line":60,"column":0},"end":{"line":60,"column":32}},"60":{"start":{"line":61,"column":0},"end":{"line":61,"column":21}},"61":{"start":{"line":62,"column":0},"end":{"line":62,"column":88}},"62":{"start":{"line":63,"column":0},"end":{"line":63,"column":22}},"63":{"start":{"line":64,"column":0},"end":{"line":64,"column":59}},"64":{"start":{"line":65,"column":0},"end":{"line":65,"column":27}},"65":{"start":{"line":66,"column":0},"end":{"line":66,"column":25}},"66":{"start":{"line":67,"column":0},"end":{"line":67,"column":89}},"67":{"start":{"line":68,"column":0},"end":{"line":68,"column":43}},"68":{"start":{"line":69,"column":0},"end":{"line":69,"column":37}},"69":{"start":{"line":70,"column":0},"end":{"line":70,"column":58}},"70":{"start":{"line":71,"column":0},"end":{"line":71,"column":54}},"71":{"start":{"line":72,"column":0},"end":{"line":72,"column":26}},"72":{"start":{"line":73,"column":0},"end":{"line":73,"column":31}},"73":{"start":{"line":74,"column":0},"end":{"line":74,"column":34}},"74":{"start":{"line":75,"column":0},"end":{"line":75,"column":36}},"75":{"start":{"line":76,"column":0},"end":{"line":76,"column":36}},"76":{"start":{"line":77,"column":0},"end":{"line":77,"column":36}},"77":{"start":{"line":78,"column":0},"end":{"line":78,"column":38}},"78":{"start":{"line":79,"column":0},"end":{"line":79,"column":20}},"79":{"start":{"line":80,"column":0},"end":{"line":80,"column":39}},"80":{"start":{"line":81,"column":0},"end":{"line":81,"column":35}},"81":{"start":{"line":82,"column":0},"end":{"line":82,"column":33}},"82":{"start":{"line":83,"column":0},"end":{"line":83,"column":18}},"83":{"start":{"line":84,"column":0},"end":{"line":84,"column":28}},"84":{"start":{"line":85,"column":0},"end":{"line":85,"column":50}},"86":{"start":{"line":87,"column":0},"end":{"line":87,"column":28}},"87":{"start":{"line":88,"column":0},"end":{"line":88,"column":23}},"89":{"start":{"line":90,"column":0},"end":{"line":90,"column":10}},"90":{"start":{"line":91,"column":0},"end":{"line":91,"column":112}},"92":{"start":{"line":93,"column":0},"end":{"line":93,"column":17}},"93":{"start":{"line":94,"column":0},"end":{"line":94,"column":13}},"94":{"start":{"line":95,"column":0},"end":{"line":95,"column":11}},"96":{"start":{"line":97,"column":0},"end":{"line":97,"column":2}}},"s":{"0":1,"1":1,"2":1,"3":1,"4":1,"5":1,"6":1,"8":1,"9":1,"10":1,"21":1,"23":155,"25":155,"26":155,"27":155,"28":155,"29":155,"30":155,"32":155,"33":90,"34":90,"35":155,"37":155,"38":8,"39":8,"40":8,"41":8,"42":8,"45":155,"46":78,"47":78,"48":78,"49":78,"51":155,"52":155,"53":155,"54":155,"55":155,"56":155,"58":155,"59":155,"60":155,"61":155,"62":163,"63":163,"64":163,"65":163,"66":163,"67":163,"68":163,"69":163,"70":163,"71":163,"72":163,"73":163,"74":163,"75":163,"76":78,"77":78,"78":78,"79":163,"80":163,"81":163,"82":163,"83":163,"84":163,"86":163,"87":163,"89":155,"90":155,"92":155,"93":155,"94":155,"96":155},"branchMap":{"0":{"type":"branch","line":22,"loc":{"start":{"line":22,"column":25},"end":{"line":97,"column":2}},"locations":[{"start":{"line":22,"column":25},"end":{"line":97,"column":2}}]},"1":{"type":"branch","line":91,"loc":{"start":{"line":91,"column":40},"end":{"line":91,"column":72}},"locations":[{"start":{"line":91,"column":40},"end":{"line":91,"column":72}}]},"2":{"type":"branch","line":33,"loc":{"start":{"line":33,"column":12},"end":{"line":36,"column":5}},"locations":[{"start":{"line":33,"column":12},"end":{"line":36,"column":5}}]},"3":{"type":"branch","line":38,"loc":{"start":{"line":38,"column":23},"end":{"line":43,"column":4}},"locations":[{"start":{"line":38,"column":23},"end":{"line":43,"column":4}}]},"4":{"type":"branch","line":46,"loc":{"start":{"line":46,"column":23},"end":{"line":50,"column":4}},"locations":[{"start":{"line":46,"column":23},"end":{"line":50,"column":4}}]},"5":{"type":"branch","line":62,"loc":{"start":{"line":62,"column":18},"end":{"line":88,"column":23}},"locations":[{"start":{"line":62,"column":18},"end":{"line":88,"column":23}}]},"6":{"type":"branch","line":76,"loc":{"start":{"line":76,"column":28},"end":{"line":79,"column":20}},"locations":[{"start":{"line":76,"column":28},"end":{"line":79,"column":20}}]}},"b":{"0":[155],"1":[149],"2":[90],"3":[8],"4":[78],"5":[163],"6":[78]},"fnMap":{"0":{"name":"InputForm","decl":{"start":{"line":22,"column":25},"end":{"line":97,"column":2}},"loc":{"start":{"line":22,"column":25},"end":{"line":97,"column":2}},"line":22},"1":{"name":"handleSubmit","decl":{"start":{"line":38,"column":23},"end":{"line":43,"column":4}},"loc":{"start":{"line":38,"column":23},"end":{"line":43,"column":4}},"line":38},"2":{"name":"handleChange","decl":{"start":{"line":46,"column":23},"end":{"line":50,"column":4}},"loc":{"start":{"line":46,"column":23},"end":{"line":50,"column":4}},"line":46},"3":{"name":"render","decl":{"start":{"line":62,"column":18},"end":{"line":88,"column":23}},"loc":{"start":{"line":62,"column":18},"end":{"line":88,"column":23}},"line":62},"4":{"name":"onChange","decl":{"start":{"line":76,"column":28},"end":{"line":79,"column":20}},"loc":{"start":{"line":76,"column":28},"end":{"line":79,"column":20}},"line":76}},"f":{"0":155,"1":8,"2":78,"3":163,"4":78}}
,"/Users/wojtekhombek/Library/CloudStorage/OneDrive-Personal/02_KURSY/10xDEVS/10x-cards/src/components/ui/button.tsx": {"path":"/Users/wojtekhombek/Library/CloudStorage/OneDrive-Personal/02_KURSY/10xDEVS/10x-cards/src/components/ui/button.tsx","all":false,"statementMap":{"0":{"start":{"line":1,"column":0},"end":{"line":1,"column":30}},"1":{"start":{"line":2,"column":0},"end":{"line":2,"column":43}},"2":{"start":{"line":3,"column":0},"end":{"line":3,"column":65}},"4":{"start":{"line":5,"column":0},"end":{"line":5,"column":32}},"6":{"start":{"line":7,"column":0},"end":{"line":7,"column":27}},"7":{"start":{"line":8,"column":0},"end":{"line":8,"column":448}},"8":{"start":{"line":9,"column":0},"end":{"line":9,"column":3}},"9":{"start":{"line":10,"column":0},"end":{"line":10,"column":15}},"10":{"start":{"line":11,"column":0},"end":{"line":11,"column":16}},"11":{"start":{"line":12,"column":0},"end":{"line":12,"column":16}},"12":{"start":{"line":13,"column":0},"end":{"line":13,"column":77}},"13":{"start":{"line":14,"column":0},"end":{"line":14,"column":20}},"14":{"start":{"line":15,"column":0},"end":{"line":15,"column":168}},"15":{"start":{"line":16,"column":0},"end":{"line":16,"column":16}},"16":{"start":{"line":17,"column":0},"end":{"line":17,"column":146}},"17":{"start":{"line":18,"column":0},"end":{"line":18,"column":18}},"18":{"start":{"line":19,"column":0},"end":{"line":19,"column":83}},"19":{"start":{"line":20,"column":0},"end":{"line":20,"column":14}},"20":{"start":{"line":21,"column":0},"end":{"line":21,"column":81}},"21":{"start":{"line":22,"column":0},"end":{"line":22,"column":64}},"22":{"start":{"line":23,"column":0},"end":{"line":23,"column":8}},"23":{"start":{"line":24,"column":0},"end":{"line":24,"column":13}},"24":{"start":{"line":25,"column":0},"end":{"line":25,"column":49}},"25":{"start":{"line":26,"column":0},"end":{"line":26,"column":60}},"26":{"start":{"line":27,"column":0},"end":{"line":27,"column":51}},"27":{"start":{"line":28,"column":0},"end":{"line":28,"column":23}},"28":{"start":{"line":29,"column":0},"end":{"line":29,"column":8}},"29":{"start":{"line":30,"column":0},"end":{"line":30,"column":6}},"30":{"start":{"line":31,"column":0},"end":{"line":31,"column":22}},"31":{"start":{"line":32,"column":0},"end":{"line":32,"column":25}},"32":{"start":{"line":33,"column":0},"end":{"line":33,"column":22}},"33":{"start":{"line":34,"column":0},"end":{"line":34,"column":6}},"34":{"start":{"line":35,"column":0},"end":{"line":35,"column":3}},"35":{"start":{"line":36,"column":0},"end":{"line":36,"column":1}},"37":{"start":{"line":38,"column":0},"end":{"line":38,"column":17}},"38":{"start":{"line":39,"column":0},"end":{"line":39,"column":12}},"39":{"start":{"line":40,"column":0},"end":{"line":40,"column":10}},"40":{"start":{"line":41,"column":0},"end":{"line":41,"column":7}},"41":{"start":{"line":42,"column":0},"end":{"line":42,"column":18}},"42":{"start":{"line":43,"column":0},"end":{"line":43,"column":10}},"43":{"start":{"line":44,"column":0},"end":{"line":44,"column":35}},"46":{"start":{"line":47,"column":0},"end":{"line":47,"column":6}},"47":{"start":{"line":48,"column":0},"end":{"line":48,"column":40}},"49":{"start":{"line":50,"column":0},"end":{"line":50,"column":10}},"50":{"start":{"line":51,"column":0},"end":{"line":51,"column":9}},"51":{"start":{"line":52,"column":0},"end":{"line":52,"column":24}},"52":{"start":{"line":53,"column":0},"end":{"line":53,"column":66}},"53":{"start":{"line":54,"column":0},"end":{"line":54,"column":16}},"54":{"start":{"line":55,"column":0},"end":{"line":55,"column":6}},"56":{"start":{"line":57,"column":0},"end":{"line":57,"column":1}}},"s":{"0":1,"1":1,"2":1,"4":1,"6":1,"7":1,"8":1,"9":1,"10":1,"11":1,"12":1,"13":1,"14":1,"15":1,"16":1,"17":1,"18":1,"19":1,"20":1,"21":1,"22":1,"23":1,"24":1,"25":1,"26":1,"27":1,"28":1,"29":1,"30":1,"31":1,"32":1,"33":1,"34":1,"35":1,"37":179,"38":179,"39":179,"40":179,"41":179,"42":179,"43":179,"46":179,"47":179,"49":179,"50":179,"51":179,"52":179,"53":179,"54":179,"56":179},"branchMap":{"0":{"type":"branch","line":38,"loc":{"start":{"line":38,"column":0},"end":{"line":57,"column":1}},"locations":[{"start":{"line":38,"column":0},"end":{"line":57,"column":1}}]},"1":{"type":"branch","line":48,"loc":{"start":{"line":48,"column":15},"end":{"line":48,"column":32}},"locations":[{"start":{"line":48,"column":15},"end":{"line":48,"column":32}}]}},"b":{"0":[179],"1":[0]},"fnMap":{"0":{"name":"Button","decl":{"start":{"line":38,"column":0},"end":{"line":57,"column":1}},"loc":{"start":{"line":38,"column":0},"end":{"line":57,"column":1}},"line":38}},"f":{"0":179}}
,"/Users/wojtekhombek/Library/CloudStorage/OneDrive-Personal/02_KURSY/10xDEVS/10x-cards/src/components/ui/form.tsx": {"path":"/Users/wojtekhombek/Library/CloudStorage/OneDrive-Personal/02_KURSY/10xDEVS/10x-cards/src/components/ui/form.tsx","all":false,"statementMap":{"0":{"start":{"line":1,"column":0},"end":{"line":1,"column":30}},"1":{"start":{"line":2,"column":0},"end":{"line":2,"column":55}},"2":{"start":{"line":3,"column":0},"end":{"line":3,"column":43}},"3":{"start":{"line":4,"column":0},"end":{"line":4,"column":74}},"6":{"start":{"line":7,"column":0},"end":{"line":7,"column":32}},"7":{"start":{"line":8,"column":0},"end":{"line":8,"column":45}},"9":{"start":{"line":10,"column":0},"end":{"line":10,"column":25}},"18":{"start":{"line":19,"column":0},"end":{"line":19,"column":68}},"19":{"start":{"line":20,"column":0},"end":{"line":20,"column":29}},"20":{"start":{"line":21,"column":0},"end":{"line":21,"column":1}},"22":{"start":{"line":23,"column":0},"end":{"line":23,"column":19}},"25":{"start":{"line":26,"column":0},"end":{"line":26,"column":3}},"26":{"start":{"line":27,"column":0},"end":{"line":27,"column":10}},"27":{"start":{"line":28,"column":0},"end":{"line":28,"column":45}},"28":{"start":{"line":29,"column":0},"end":{"line":29,"column":10}},"29":{"start":{"line":30,"column":0},"end":{"line":30,"column":60}},"30":{"start":{"line":31,"column":0},"end":{"line":31,"column":31}},"31":{"start":{"line":32,"column":0},"end":{"line":32,"column":32}},"33":{"start":{"line":34,"column":0},"end":{"line":34,"column":1}},"35":{"start":{"line":36,"column":0},"end":{"line":36,"column":28}},"36":{"start":{"line":37,"column":0},"end":{"line":37,"column":57}},"37":{"start":{"line":38,"column":0},"end":{"line":38,"column":55}},"38":{"start":{"line":39,"column":0},"end":{"line":39,"column":55}},"40":{"start":{"line":41,"column":0},"end":{"line":41,"column":64}},"42":{"start":{"line":43,"column":0},"end":{"line":43,"column":22}},"43":{"start":{"line":44,"column":0},"end":{"line":44,"column":69}},"44":{"start":{"line":45,"column":0},"end":{"line":45,"column":3}},"46":{"start":{"line":47,"column":0},"end":{"line":47,"column":28}},"48":{"start":{"line":49,"column":0},"end":{"line":49,"column":10}},"49":{"start":{"line":50,"column":0},"end":{"line":50,"column":7}},"50":{"start":{"line":51,"column":0},"end":{"line":51,"column":28}},"51":{"start":{"line":52,"column":0},"end":{"line":52,"column":34}},"52":{"start":{"line":53,"column":0},"end":{"line":53,"column":53}},"53":{"start":{"line":54,"column":0},"end":{"line":54,"column":45}},"54":{"start":{"line":55,"column":0},"end":{"line":55,"column":18}},"55":{"start":{"line":56,"column":0},"end":{"line":56,"column":3}},"56":{"start":{"line":57,"column":0},"end":{"line":57,"column":1}},"62":{"start":{"line":63,"column":0},"end":{"line":63,"column":66}},"63":{"start":{"line":64,"column":0},"end":{"line":64,"column":28}},"64":{"start":{"line":65,"column":0},"end":{"line":65,"column":1}},"66":{"start":{"line":67,"column":0},"end":{"line":67,"column":34}},"69":{"start":{"line":70,"column":0},"end":{"line":70,"column":37}},"70":{"start":{"line":71,"column":0},"end":{"line":71,"column":26}},"72":{"start":{"line":73,"column":0},"end":{"line":73,"column":10}},"73":{"start":{"line":74,"column":0},"end":{"line":74,"column":45}},"74":{"start":{"line":75,"column":0},"end":{"line":75,"column":73}},"75":{"start":{"line":76,"column":0},"end":{"line":76,"column":31}},"77":{"start":{"line":78,"column":0},"end":{"line":78,"column":2}},"78":{"start":{"line":79,"column":0},"end":{"line":79,"column":33}},"80":{"start":{"line":81,"column":0},"end":{"line":81,"column":35}},"83":{"start":{"line":84,"column":0},"end":{"line":84,"column":37}},"84":{"start":{"line":85,"column":0},"end":{"line":85,"column":46}},"86":{"start":{"line":87,"column":0},"end":{"line":87,"column":10}},"87":{"start":{"line":88,"column":0},"end":{"line":88,"column":10}},"88":{"start":{"line":89,"column":0},"end":{"line":89,"column":15}},"89":{"start":{"line":90,"column":0},"end":{"line":90,"column":60}},"90":{"start":{"line":91,"column":0},"end":{"line":91,"column":26}},"91":{"start":{"line":92,"column":0},"end":{"line":92,"column":16}},"92":{"start":{"line":93,"column":0},"end":{"line":93,"column":6}},"94":{"start":{"line":95,"column":0},"end":{"line":95,"column":2}},"95":{"start":{"line":96,"column":0},"end":{"line":96,"column":35}},"97":{"start":{"line":98,"column":0},"end":{"line":98,"column":37}},"100":{"start":{"line":101,"column":0},"end":{"line":101,"column":26}},"101":{"start":{"line":102,"column":0},"end":{"line":102,"column":80}},"103":{"start":{"line":104,"column":0},"end":{"line":104,"column":10}},"104":{"start":{"line":105,"column":0},"end":{"line":105,"column":9}},"105":{"start":{"line":106,"column":0},"end":{"line":106,"column":15}},"106":{"start":{"line":107,"column":0},"end":{"line":107,"column":21}},"107":{"start":{"line":108,"column":0},"end":{"line":108,"column":24}},"108":{"start":{"line":109,"column":0},"end":{"line":109,"column":14}},"109":{"start":{"line":110,"column":0},"end":{"line":110,"column":34}},"110":{"start":{"line":111,"column":0},"end":{"line":111,"column":51}},"112":{"start":{"line":113,"column":0},"end":{"line":113,"column":28}},"113":{"start":{"line":114,"column":0},"end":{"line":114,"column":16}},"114":{"start":{"line":115,"column":0},"end":{"line":115,"column":6}},"116":{"start":{"line":117,"column":0},"end":{"line":117,"column":2}},"117":{"start":{"line":118,"column":0},"end":{"line":118,"column":39}},"119":{"start":{"line":120,"column":0},"end":{"line":120,"column":41}},"122":{"start":{"line":123,"column":0},"end":{"line":123,"column":37}},"123":{"start":{"line":124,"column":0},"end":{"line":124,"column":46}},"125":{"start":{"line":126,"column":0},"end":{"line":126,"column":10}},"126":{"start":{"line":127,"column":0},"end":{"line":127,"column":6}},"127":{"start":{"line":128,"column":0},"end":{"line":128,"column":15}},"128":{"start":{"line":129,"column":0},"end":{"line":129,"column":28}},"129":{"start":{"line":130,"column":0},"end":{"line":130,"column":64}},"130":{"start":{"line":131,"column":0},"end":{"line":131,"column":16}},"131":{"start":{"line":132,"column":0},"end":{"line":132,"column":6}},"133":{"start":{"line":134,"column":0},"end":{"line":134,"column":2}},"134":{"start":{"line":135,"column":0},"end":{"line":135,"column":47}},"136":{"start":{"line":137,"column":0},"end":{"line":137,"column":37}},"139":{"start":{"line":140,"column":0},"end":{"line":140,"column":47}},"140":{"start":{"line":141,"column":0},"end":{"line":141,"column":49}},"141":{"start":{"line":142,"column":0},"end":{"line":142,"column":56}},"143":{"start":{"line":144,"column":0},"end":{"line":144,"column":14}},"144":{"start":{"line":145,"column":0},"end":{"line":145,"column":15}},"145":{"start":{"line":146,"column":0},"end":{"line":146,"column":3}},"147":{"start":{"line":148,"column":0},"end":{"line":148,"column":10}},"148":{"start":{"line":149,"column":0},"end":{"line":149,"column":6}},"149":{"start":{"line":150,"column":0},"end":{"line":150,"column":15}},"150":{"start":{"line":151,"column":0},"end":{"line":151,"column":24}},"151":{"start":{"line":152,"column":0},"end":{"line":152,"column":71}},"152":{"start":{"line":153,"column":0},"end":{"line":153,"column":16}},"154":{"start":{"line":155,"column":0},"end":{"line":155,"column":12}},"155":{"start":{"line":156,"column":0},"end":{"line":156,"column":8}},"157":{"start":{"line":158,"column":0},"end":{"line":158,"column":2}},"158":{"start":{"line":159,"column":0},"end":{"line":159,"column":39}}},"s":{"0":1,"1":1,"2":1,"3":1,"6":1,"7":1,"9":1,"18":1,"19":1,"20":1,"22":1,"25":155,"26":155,"27":155,"28":155,"29":155,"30":155,"31":155,"33":155,"35":1,"36":465,"37":465,"38":465,"40":465,"42":465,"43":0,"44":0,"46":465,"48":465,"49":465,"50":465,"51":465,"52":465,"53":465,"54":465,"55":465,"56":465,"62":1,"63":1,"64":1,"66":1,"69":1,"70":155,"72":155,"73":155,"74":155,"75":155,"77":155,"78":1,"80":1,"83":1,"84":155,"86":155,"87":155,"88":155,"89":155,"90":155,"91":155,"92":155,"94":155,"95":1,"97":1,"100":1,"101":155,"103":155,"104":155,"105":155,"106":155,"107":155,"108":155,"109":155,"110":0,"112":155,"113":155,"114":155,"116":155,"117":1,"119":1,"122":1,"123":0,"125":0,"126":0,"127":0,"128":0,"129":0,"130":0,"131":0,"133":0,"134":1,"136":1,"139":1,"140":155,"141":155,"143":155,"144":0,"145":0,"147":155,"148":155,"149":155,"150":155,"151":155,"152":155,"154":155,"155":155,"157":155,"158":1},"branchMap":{"0":{"type":"branch","line":23,"loc":{"start":{"line":23,"column":18},"end":{"line":34,"column":1}},"locations":[{"start":{"line":23,"column":18},"end":{"line":34,"column":1}}]},"1":{"type":"branch","line":36,"loc":{"start":{"line":36,"column":21},"end":{"line":57,"column":1}},"locations":[{"start":{"line":36,"column":21},"end":{"line":57,"column":1}}]},"2":{"type":"branch","line":43,"loc":{"start":{"line":43,"column":21},"end":{"line":45,"column":3}},"locations":[{"start":{"line":43,"column":21},"end":{"line":45,"column":3}}]},"3":{"type":"branch","line":70,"loc":{"start":{"line":70,"column":2},"end":{"line":78,"column":2}},"locations":[{"start":{"line":70,"column":2},"end":{"line":78,"column":2}}]},"4":{"type":"branch","line":84,"loc":{"start":{"line":84,"column":2},"end":{"line":95,"column":2}},"locations":[{"start":{"line":84,"column":2},"end":{"line":95,"column":2}}]},"5":{"type":"branch","line":90,"loc":{"start":{"line":90,"column":20},"end":{"line":90,"column":49}},"locations":[{"start":{"line":90,"column":20},"end":{"line":90,"column":49}}]},"6":{"type":"branch","line":101,"loc":{"start":{"line":101,"column":2},"end":{"line":117,"column":2}},"locations":[{"start":{"line":101,"column":2},"end":{"line":117,"column":2}}]},"7":{"type":"branch","line":110,"loc":{"start":{"line":110,"column":32},"end":{"line":111,"column":51}},"locations":[{"start":{"line":110,"column":32},"end":{"line":111,"column":51}}]},"8":{"type":"branch","line":140,"loc":{"start":{"line":140,"column":2},"end":{"line":158,"column":2}},"locations":[{"start":{"line":140,"column":2},"end":{"line":158,"column":2}}]},"9":{"type":"branch","line":142,"loc":{"start":{"line":142,"column":15},"end":{"line":142,"column":48}},"locations":[{"start":{"line":142,"column":15},"end":{"line":142,"column":48}}]},"10":{"type":"branch","line":144,"loc":{"start":{"line":144,"column":13},"end":{"line":146,"column":3}},"locations":[{"start":{"line":144,"column":13},"end":{"line":146,"column":3}}]}},"b":{"0":[155],"1":[465],"2":[0],"3":[155],"4":[155],"5":[0],"6":[155],"7":[0],"8":[155],"9":[0],"10":[0]},"fnMap":{"0":{"name":"FormField","decl":{"start":{"line":23,"column":18},"end":{"line":34,"column":1}},"loc":{"start":{"line":23,"column":18},"end":{"line":34,"column":1}},"line":23},"1":{"name":"useFormField","decl":{"start":{"line":36,"column":21},"end":{"line":57,"column":1}},"loc":{"start":{"line":36,"column":21},"end":{"line":57,"column":1}},"line":36}},"f":{"0":155,"1":465}}
,"/Users/wojtekhombek/Library/CloudStorage/OneDrive-Personal/02_KURSY/10xDEVS/10x-cards/src/lib/utils.ts": {"path":"/Users/wojtekhombek/Library/CloudStorage/OneDrive-Personal/02_KURSY/10xDEVS/10x-cards/src/lib/utils.ts","all":false,"statementMap":{"0":{"start":{"line":1,"column":0},"end":{"line":1,"column":45}},"1":{"start":{"line":2,"column":0},"end":{"line":2,"column":41}},"3":{"start":{"line":4,"column":0},"end":{"line":4,"column":45}},"4":{"start":{"line":5,"column":0},"end":{"line":5,"column":31}},"5":{"start":{"line":6,"column":0},"end":{"line":6,"column":1}}},"s":{"0":1,"1":1,"3":1,"4":1017,"5":1017},"branchMap":{"0":{"type":"branch","line":4,"loc":{"start":{"line":4,"column":7},"end":{"line":6,"column":1}},"locations":[{"start":{"line":4,"column":7},"end":{"line":6,"column":1}}]}},"b":{"0":[1017]},"fnMap":{"0":{"name":"cn","decl":{"start":{"line":4,"column":7},"end":{"line":6,"column":1}},"loc":{"start":{"line":4,"column":7},"end":{"line":6,"column":1}},"line":4}},"f":{"0":1017}}
}
