{"total": {"lines":{"total":3827,"covered":398,"skipped":0,"pct":10.39},"statements":{"total":3827,"covered":398,"skipped":0,"pct":10.39},"functions":{"total":88,"covered":35,"skipped":0,"pct":39.77},"branches":{"total":133,"covered":59,"skipped":0,"pct":44.36},"branchesTrue":{"total":0,"covered":0,"skipped":0,"pct":100}}
,"/Users/wojtekhombek/Library/CloudStorage/OneDrive-Personal/02_KURSY/10xDEVS/10x-cards/src/types.ts": {"lines":{"total":28,"covered":12,"skipped":0,"pct":42.85},"functions":{"total":2,"covered":0,"skipped":0,"pct":0},"statements":{"total":28,"covered":12,"skipped":0,"pct":42.85},"branches":{"total":1,"covered":1,"skipped":0,"pct":100}}
,"/Users/wojtekhombek/Library/CloudStorage/OneDrive-Personal/02_KURSY/10xDEVS/10x-cards/src/components/auth/ResetPasswordForm.tsx": {"lines":{"total":61,"covered":0,"skipped":0,"pct":0},"functions":{"total":1,"covered":0,"skipped":0,"pct":0},"statements":{"total":61,"covered":0,"skipped":0,"pct":0},"branches":{"total":1,"covered":0,"skipped":0,"pct":0}}
,"/Users/wojtekhombek/Library/CloudStorage/OneDrive-Personal/02_KURSY/10xDEVS/10x-cards/src/components/auth/SignInForm.tsx": {"lines":{"total":108,"covered":0,"skipped":0,"pct":0},"functions":{"total":1,"covered":1,"skipped":0,"pct":100},"statements":{"total":108,"covered":0,"skipped":0,"pct":0},"branches":{"total":1,"covered":1,"skipped":0,"pct":100}}
,"/Users/wojtekhombek/Library/CloudStorage/OneDrive-Personal/02_KURSY/10xDEVS/10x-cards/src/components/auth/SignUpForm.tsx": {"lines":{"total":115,"covered":0,"skipped":0,"pct":0},"functions":{"total":1,"covered":0,"skipped":0,"pct":0},"statements":{"total":115,"covered":0,"skipped":0,"pct":0},"branches":{"total":1,"covered":0,"skipped":0,"pct":0}}
,"/Users/wojtekhombek/Library/CloudStorage/OneDrive-Personal/02_KURSY/10xDEVS/10x-cards/src/components/flashcards/FlashcardCard.tsx": {"lines":{"total":74,"covered":0,"skipped":0,"pct":0},"functions":{"total":1,"covered":0,"skipped":0,"pct":0},"statements":{"total":74,"covered":0,"skipped":0,"pct":0},"branches":{"total":1,"covered":0,"skipped":0,"pct":0}}
,"/Users/wojtekhombek/Library/CloudStorage/OneDrive-Personal/02_KURSY/10xDEVS/10x-cards/src/components/flashcards/FlashcardCreateModal.tsx": {"lines":{"total":100,"covered":0,"skipped":0,"pct":0},"functions":{"total":1,"covered":0,"skipped":0,"pct":0},"statements":{"total":100,"covered":0,"skipped":0,"pct":0},"branches":{"total":1,"covered":0,"skipped":0,"pct":0}}
,"/Users/wojtekhombek/Library/CloudStorage/OneDrive-Personal/02_KURSY/10xDEVS/10x-cards/src/components/flashcards/FlashcardDeleteDialog.tsx": {"lines":{"total":41,"covered":0,"skipped":0,"pct":0},"functions":{"total":1,"covered":0,"skipped":0,"pct":0},"statements":{"total":41,"covered":0,"skipped":0,"pct":0},"branches":{"total":1,"covered":0,"skipped":0,"pct":0}}
,"/Users/wojtekhombek/Library/CloudStorage/OneDrive-Personal/02_KURSY/10xDEVS/10x-cards/src/components/flashcards/FlashcardEditModal.tsx": {"lines":{"total":111,"covered":0,"skipped":0,"pct":0},"functions":{"total":1,"covered":0,"skipped":0,"pct":0},"statements":{"total":111,"covered":0,"skipped":0,"pct":0},"branches":{"total":1,"covered":0,"skipped":0,"pct":0}}
,"/Users/wojtekhombek/Library/CloudStorage/OneDrive-Personal/02_KURSY/10xDEVS/10x-cards/src/components/flashcards/FlashcardSuggestionCard.tsx": {"lines":{"total":32,"covered":0,"skipped":0,"pct":0},"functions":{"total":1,"covered":0,"skipped":0,"pct":0},"statements":{"total":32,"covered":0,"skipped":0,"pct":0},"branches":{"total":1,"covered":0,"skipped":0,"pct":0}}
,"/Users/wojtekhombek/Library/CloudStorage/OneDrive-Personal/02_KURSY/10xDEVS/10x-cards/src/components/flashcards/FlashcardsView.tsx": {"lines":{"total":174,"covered":0,"skipped":0,"pct":0},"functions":{"total":1,"covered":0,"skipped":0,"pct":0},"statements":{"total":174,"covered":0,"skipped":0,"pct":0},"branches":{"total":1,"covered":0,"skipped":0,"pct":0}}
,"/Users/wojtekhombek/Library/CloudStorage/OneDrive-Personal/02_KURSY/10xDEVS/10x-cards/src/components/flashcards/GenerowanieFiszkiView.tsx": {"lines":{"total":99,"covered":0,"skipped":0,"pct":0},"functions":{"total":1,"covered":0,"skipped":0,"pct":0},"statements":{"total":99,"covered":0,"skipped":0,"pct":0},"branches":{"total":1,"covered":0,"skipped":0,"pct":0}}
,"/Users/wojtekhombek/Library/CloudStorage/OneDrive-Personal/02_KURSY/10xDEVS/10x-cards/src/components/flashcards/InputForm.tsx": {"lines":{"total":74,"covered":0,"skipped":0,"pct":0},"functions":{"total":1,"covered":0,"skipped":0,"pct":0},"statements":{"total":74,"covered":0,"skipped":0,"pct":0},"branches":{"total":1,"covered":0,"skipped":0,"pct":0}}
,"/Users/wojtekhombek/Library/CloudStorage/OneDrive-Personal/02_KURSY/10xDEVS/10x-cards/src/components/navigation/Navbar.tsx": {"lines":{"total":63,"covered":0,"skipped":0,"pct":0},"functions":{"total":1,"covered":0,"skipped":0,"pct":0},"statements":{"total":63,"covered":0,"skipped":0,"pct":0},"branches":{"total":1,"covered":0,"skipped":0,"pct":0}}
,"/Users/wojtekhombek/Library/CloudStorage/OneDrive-Personal/02_KURSY/10xDEVS/10x-cards/src/components/ui/alert-dialog.tsx": {"lines":{"total":119,"covered":0,"skipped":0,"pct":0},"functions":{"total":1,"covered":0,"skipped":0,"pct":0},"statements":{"total":119,"covered":0,"skipped":0,"pct":0},"branches":{"total":1,"covered":0,"skipped":0,"pct":0}}
,"/Users/wojtekhombek/Library/CloudStorage/OneDrive-Personal/02_KURSY/10xDEVS/10x-cards/src/components/ui/alert.tsx": {"lines":{"total":46,"covered":0,"skipped":0,"pct":0},"functions":{"total":1,"covered":0,"skipped":0,"pct":0},"statements":{"total":46,"covered":0,"skipped":0,"pct":0},"branches":{"total":1,"covered":0,"skipped":0,"pct":0}}
,"/Users/wojtekhombek/Library/CloudStorage/OneDrive-Personal/02_KURSY/10xDEVS/10x-cards/src/components/ui/avatar.tsx": {"lines":{"total":42,"covered":0,"skipped":0,"pct":0},"functions":{"total":1,"covered":0,"skipped":0,"pct":0},"statements":{"total":42,"covered":0,"skipped":0,"pct":0},"branches":{"total":1,"covered":0,"skipped":0,"pct":0}}
,"/Users/wojtekhombek/Library/CloudStorage/OneDrive-Personal/02_KURSY/10xDEVS/10x-cards/src/components/ui/badge.tsx": {"lines":{"total":39,"covered":0,"skipped":0,"pct":0},"functions":{"total":1,"covered":0,"skipped":0,"pct":0},"statements":{"total":39,"covered":0,"skipped":0,"pct":0},"branches":{"total":1,"covered":0,"skipped":0,"pct":0}}
,"/Users/wojtekhombek/Library/CloudStorage/OneDrive-Personal/02_KURSY/10xDEVS/10x-cards/src/components/ui/button.tsx": {"lines":{"total":50,"covered":0,"skipped":0,"pct":0},"functions":{"total":1,"covered":0,"skipped":0,"pct":0},"statements":{"total":50,"covered":0,"skipped":0,"pct":0},"branches":{"total":1,"covered":0,"skipped":0,"pct":0}}
,"/Users/wojtekhombek/Library/CloudStorage/OneDrive-Personal/02_KURSY/10xDEVS/10x-cards/src/components/ui/card.tsx": {"lines":{"total":67,"covered":0,"skipped":0,"pct":0},"functions":{"total":1,"covered":0,"skipped":0,"pct":0},"statements":{"total":67,"covered":0,"skipped":0,"pct":0},"branches":{"total":1,"covered":0,"skipped":0,"pct":0}}
,"/Users/wojtekhombek/Library/CloudStorage/OneDrive-Personal/02_KURSY/10xDEVS/10x-cards/src/components/ui/dialog.tsx": {"lines":{"total":102,"covered":0,"skipped":0,"pct":0},"functions":{"total":1,"covered":0,"skipped":0,"pct":0},"statements":{"total":102,"covered":0,"skipped":0,"pct":0},"branches":{"total":1,"covered":0,"skipped":0,"pct":0}}
,"/Users/wojtekhombek/Library/CloudStorage/OneDrive-Personal/02_KURSY/10xDEVS/10x-cards/src/components/ui/form.tsx": {"lines":{"total":106,"covered":0,"skipped":0,"pct":0},"functions":{"total":1,"covered":0,"skipped":0,"pct":0},"statements":{"total":106,"covered":0,"skipped":0,"pct":0},"branches":{"total":1,"covered":0,"skipped":0,"pct":0}}
,"/Users/wojtekhombek/Library/CloudStorage/OneDrive-Personal/02_KURSY/10xDEVS/10x-cards/src/components/ui/inline-error.tsx": {"lines":{"total":6,"covered":0,"skipped":0,"pct":0},"functions":{"total":1,"covered":1,"skipped":0,"pct":100},"statements":{"total":6,"covered":0,"skipped":0,"pct":0},"branches":{"total":1,"covered":1,"skipped":0,"pct":100}}
,"/Users/wojtekhombek/Library/CloudStorage/OneDrive-Personal/02_KURSY/10xDEVS/10x-cards/src/components/ui/input.tsx": {"lines":{"total":15,"covered":0,"skipped":0,"pct":0},"functions":{"total":1,"covered":0,"skipped":0,"pct":0},"statements":{"total":15,"covered":0,"skipped":0,"pct":0},"branches":{"total":1,"covered":0,"skipped":0,"pct":0}}
,"/Users/wojtekhombek/Library/CloudStorage/OneDrive-Personal/02_KURSY/10xDEVS/10x-cards/src/components/ui/label.tsx": {"lines":{"total":17,"covered":0,"skipped":0,"pct":0},"functions":{"total":1,"covered":1,"skipped":0,"pct":100},"statements":{"total":17,"covered":0,"skipped":0,"pct":0},"branches":{"total":1,"covered":1,"skipped":0,"pct":100}}
,"/Users/wojtekhombek/Library/CloudStorage/OneDrive-Personal/02_KURSY/10xDEVS/10x-cards/src/components/ui/loader.tsx": {"lines":{"total":8,"covered":0,"skipped":0,"pct":0},"functions":{"total":1,"covered":0,"skipped":0,"pct":0},"statements":{"total":8,"covered":0,"skipped":0,"pct":0},"branches":{"total":1,"covered":0,"skipped":0,"pct":0}}
,"/Users/wojtekhombek/Library/CloudStorage/OneDrive-Personal/02_KURSY/10xDEVS/10x-cards/src/components/ui/sonner.tsx": {"lines":{"total":17,"covered":0,"skipped":0,"pct":0},"functions":{"total":1,"covered":0,"skipped":0,"pct":0},"statements":{"total":17,"covered":0,"skipped":0,"pct":0},"branches":{"total":1,"covered":0,"skipped":0,"pct":0}}
,"/Users/wojtekhombek/Library/CloudStorage/OneDrive-Personal/02_KURSY/10xDEVS/10x-cards/src/components/ui/textarea.tsx": {"lines":{"total":13,"covered":0,"skipped":0,"pct":0},"functions":{"total":1,"covered":0,"skipped":0,"pct":0},"statements":{"total":13,"covered":0,"skipped":0,"pct":0},"branches":{"total":1,"covered":0,"skipped":0,"pct":0}}
,"/Users/wojtekhombek/Library/CloudStorage/OneDrive-Personal/02_KURSY/10xDEVS/10x-cards/src/components/ui/toast.tsx": {"lines":{"total":87,"covered":0,"skipped":0,"pct":0},"functions":{"total":1,"covered":0,"skipped":0,"pct":0},"statements":{"total":87,"covered":0,"skipped":0,"pct":0},"branches":{"total":1,"covered":0,"skipped":0,"pct":0}}
,"/Users/wojtekhombek/Library/CloudStorage/OneDrive-Personal/02_KURSY/10xDEVS/10x-cards/src/components/ui/toaster.tsx": {"lines":{"total":21,"covered":0,"skipped":0,"pct":0},"functions":{"total":1,"covered":1,"skipped":0,"pct":100},"statements":{"total":21,"covered":0,"skipped":0,"pct":0},"branches":{"total":1,"covered":1,"skipped":0,"pct":100}}
,"/Users/wojtekhombek/Library/CloudStorage/OneDrive-Personal/02_KURSY/10xDEVS/10x-cards/src/components/ui/use-toast.ts": {"lines":{"total":126,"covered":0,"skipped":0,"pct":0},"functions":{"total":1,"covered":0,"skipped":0,"pct":0},"statements":{"total":126,"covered":0,"skipped":0,"pct":0},"branches":{"total":1,"covered":0,"skipped":0,"pct":0}}
,"/Users/wojtekhombek/Library/CloudStorage/OneDrive-Personal/02_KURSY/10xDEVS/10x-cards/src/db/database.types.ts": {"lines":{"total":10,"covered":0,"skipped":0,"pct":0},"functions":{"total":1,"covered":1,"skipped":0,"pct":100},"statements":{"total":10,"covered":0,"skipped":0,"pct":0},"branches":{"total":1,"covered":1,"skipped":0,"pct":100}}
,"/Users/wojtekhombek/Library/CloudStorage/OneDrive-Personal/02_KURSY/10xDEVS/10x-cards/src/db/supabase.client.ts": {"lines":{"total":93,"covered":0,"skipped":0,"pct":0},"functions":{"total":1,"covered":0,"skipped":0,"pct":0},"statements":{"total":93,"covered":0,"skipped":0,"pct":0},"branches":{"total":1,"covered":0,"skipped":0,"pct":0}}
,"/Users/wojtekhombek/Library/CloudStorage/OneDrive-Personal/02_KURSY/10xDEVS/10x-cards/src/hooks/useAuth.ts": {"lines":{"total":25,"covered":0,"skipped":0,"pct":0},"functions":{"total":1,"covered":0,"skipped":0,"pct":0},"statements":{"total":25,"covered":0,"skipped":0,"pct":0},"branches":{"total":1,"covered":0,"skipped":0,"pct":0}}
,"/Users/wojtekhombek/Library/CloudStorage/OneDrive-Personal/02_KURSY/10xDEVS/10x-cards/src/hooks/useAuthForm.ts": {"lines":{"total":26,"covered":0,"skipped":0,"pct":0},"functions":{"total":1,"covered":0,"skipped":0,"pct":0},"statements":{"total":26,"covered":0,"skipped":0,"pct":0},"branches":{"total":1,"covered":0,"skipped":0,"pct":0}}
,"/Users/wojtekhombek/Library/CloudStorage/OneDrive-Personal/02_KURSY/10xDEVS/10x-cards/src/lib/auth.ts": {"lines":{"total":28,"covered":0,"skipped":0,"pct":0},"functions":{"total":1,"covered":0,"skipped":0,"pct":0},"statements":{"total":28,"covered":0,"skipped":0,"pct":0},"branches":{"total":1,"covered":0,"skipped":0,"pct":0}}
,"/Users/wojtekhombek/Library/CloudStorage/OneDrive-Personal/02_KURSY/10xDEVS/10x-cards/src/lib/utils.ts": {"lines":{"total":5,"covered":0,"skipped":0,"pct":0},"functions":{"total":1,"covered":0,"skipped":0,"pct":0},"statements":{"total":5,"covered":0,"skipped":0,"pct":0},"branches":{"total":1,"covered":0,"skipped":0,"pct":0}}
,"/Users/wojtekhombek/Library/CloudStorage/OneDrive-Personal/02_KURSY/10xDEVS/10x-cards/src/lib/services/FlashcardService.ts": {"lines":{"total":17,"covered":0,"skipped":0,"pct":0},"functions":{"total":1,"covered":0,"skipped":0,"pct":0},"statements":{"total":17,"covered":0,"skipped":0,"pct":0},"branches":{"total":1,"covered":0,"skipped":0,"pct":0}}
,"/Users/wojtekhombek/Library/CloudStorage/OneDrive-Personal/02_KURSY/10xDEVS/10x-cards/src/lib/services/ai.service.ts": {"lines":{"total":58,"covered":0,"skipped":0,"pct":0},"functions":{"total":1,"covered":1,"skipped":0,"pct":100},"statements":{"total":58,"covered":0,"skipped":0,"pct":0},"branches":{"total":1,"covered":1,"skipped":0,"pct":100}}
,"/Users/wojtekhombek/Library/CloudStorage/OneDrive-Personal/02_KURSY/10xDEVS/10x-cards/src/lib/services/auth.service.ts": {"lines":{"total":73,"covered":0,"skipped":0,"pct":0},"functions":{"total":1,"covered":0,"skipped":0,"pct":0},"statements":{"total":73,"covered":0,"skipped":0,"pct":0},"branches":{"total":1,"covered":0,"skipped":0,"pct":0}}
,"/Users/wojtekhombek/Library/CloudStorage/OneDrive-Personal/02_KURSY/10xDEVS/10x-cards/src/lib/services/flashcard.service.ts": {"lines":{"total":199,"covered":114,"skipped":0,"pct":57.28},"functions":{"total":6,"covered":4,"skipped":0,"pct":66.66},"statements":{"total":199,"covered":114,"skipped":0,"pct":57.28},"branches":{"total":14,"covered":7,"skipped":0,"pct":50}}
,"/Users/wojtekhombek/Library/CloudStorage/OneDrive-Personal/02_KURSY/10xDEVS/10x-cards/src/lib/services/logger.service.ts": {"lines":{"total":49,"covered":37,"skipped":0,"pct":75.51},"functions":{"total":8,"covered":6,"skipped":0,"pct":75},"statements":{"total":49,"covered":37,"skipped":0,"pct":75.51},"branches":{"total":15,"covered":11,"skipped":0,"pct":73.33}}
,"/Users/wojtekhombek/Library/CloudStorage/OneDrive-Personal/02_KURSY/10xDEVS/10x-cards/src/lib/services/openrouter.service.ts": {"lines":{"total":228,"covered":122,"skipped":0,"pct":53.5},"functions":{"total":10,"covered":8,"skipped":0,"pct":80},"statements":{"total":228,"covered":122,"skipped":0,"pct":53.5},"branches":{"total":27,"covered":9,"skipped":0,"pct":33.33}}
,"/Users/wojtekhombek/Library/CloudStorage/OneDrive-Personal/02_KURSY/10xDEVS/10x-cards/src/lib/services/user.service.ts": {"lines":{"total":58,"covered":0,"skipped":0,"pct":0},"functions":{"total":1,"covered":0,"skipped":0,"pct":0},"statements":{"total":58,"covered":0,"skipped":0,"pct":0},"branches":{"total":1,"covered":0,"skipped":0,"pct":0}}
,"/Users/wojtekhombek/Library/CloudStorage/OneDrive-Personal/02_KURSY/10xDEVS/10x-cards/src/lib/utils/logger.ts": {"lines":{"total":32,"covered":32,"skipped":0,"pct":100},"functions":{"total":4,"covered":4,"skipped":0,"pct":100},"statements":{"total":32,"covered":32,"skipped":0,"pct":100},"branches":{"total":7,"covered":7,"skipped":0,"pct":100}}
,"/Users/wojtekhombek/Library/CloudStorage/OneDrive-Personal/02_KURSY/10xDEVS/10x-cards/src/lib/validation/auth.schema.ts": {"lines":{"total":18,"covered":0,"skipped":0,"pct":0},"functions":{"total":1,"covered":0,"skipped":0,"pct":0},"statements":{"total":18,"covered":0,"skipped":0,"pct":0},"branches":{"total":1,"covered":0,"skipped":0,"pct":0}}
,"/Users/wojtekhombek/Library/CloudStorage/OneDrive-Personal/02_KURSY/10xDEVS/10x-cards/src/middleware/index.ts": {"lines":{"total":102,"covered":0,"skipped":0,"pct":0},"functions":{"total":1,"covered":0,"skipped":0,"pct":0},"statements":{"total":102,"covered":0,"skipped":0,"pct":0},"branches":{"total":1,"covered":0,"skipped":0,"pct":0}}
,"/Users/wojtekhombek/Library/CloudStorage/OneDrive-Personal/02_KURSY/10xDEVS/10x-cards/src/mocks/browser.ts": {"lines":{"total":22,"covered":0,"skipped":0,"pct":0},"functions":{"total":1,"covered":0,"skipped":0,"pct":0},"statements":{"total":22,"covered":0,"skipped":0,"pct":0},"branches":{"total":1,"covered":0,"skipped":0,"pct":0}}
,"/Users/wojtekhombek/Library/CloudStorage/OneDrive-Personal/02_KURSY/10xDEVS/10x-cards/src/mocks/handlers.ts": {"lines":{"total":44,"covered":0,"skipped":0,"pct":0},"functions":{"total":1,"covered":0,"skipped":0,"pct":0},"statements":{"total":44,"covered":0,"skipped":0,"pct":0},"branches":{"total":1,"covered":0,"skipped":0,"pct":0}}
,"/Users/wojtekhombek/Library/CloudStorage/OneDrive-Personal/02_KURSY/10xDEVS/10x-cards/src/pages/api/health.ts": {"lines":{"total":40,"covered":0,"skipped":0,"pct":0},"functions":{"total":1,"covered":1,"skipped":0,"pct":100},"statements":{"total":40,"covered":0,"skipped":0,"pct":0},"branches":{"total":1,"covered":1,"skipped":0,"pct":100}}
,"/Users/wojtekhombek/Library/CloudStorage/OneDrive-Personal/02_KURSY/10xDEVS/10x-cards/src/pages/api/auth/login.ts": {"lines":{"total":105,"covered":0,"skipped":0,"pct":0},"functions":{"total":1,"covered":1,"skipped":0,"pct":100},"statements":{"total":105,"covered":0,"skipped":0,"pct":0},"branches":{"total":1,"covered":1,"skipped":0,"pct":100}}
,"/Users/wojtekhombek/Library/CloudStorage/OneDrive-Personal/02_KURSY/10xDEVS/10x-cards/src/pages/api/auth/logout.ts": {"lines":{"total":83,"covered":0,"skipped":0,"pct":0},"functions":{"total":1,"covered":1,"skipped":0,"pct":100},"statements":{"total":83,"covered":0,"skipped":0,"pct":0},"branches":{"total":1,"covered":1,"skipped":0,"pct":100}}
,"/Users/wojtekhombek/Library/CloudStorage/OneDrive-Personal/02_KURSY/10xDEVS/10x-cards/src/pages/api/auth/signup.ts": {"lines":{"total":83,"covered":0,"skipped":0,"pct":0},"functions":{"total":1,"covered":1,"skipped":0,"pct":100},"statements":{"total":83,"covered":0,"skipped":0,"pct":0},"branches":{"total":1,"covered":1,"skipped":0,"pct":100}}
,"/Users/wojtekhombek/Library/CloudStorage/OneDrive-Personal/02_KURSY/10xDEVS/10x-cards/src/pages/api/flashcards/[...path].ts": {"lines":{"total":211,"covered":0,"skipped":0,"pct":0},"functions":{"total":1,"covered":0,"skipped":0,"pct":0},"statements":{"total":211,"covered":0,"skipped":0,"pct":0},"branches":{"total":1,"covered":0,"skipped":0,"pct":0}}
,"/Users/wojtekhombek/Library/CloudStorage/OneDrive-Personal/02_KURSY/10xDEVS/10x-cards/src/pages/api/flashcards/[id].ts": {"lines":{"total":109,"covered":81,"skipped":0,"pct":74.31},"functions":{"total":8,"covered":2,"skipped":0,"pct":25},"statements":{"total":109,"covered":81,"skipped":0,"pct":74.31},"branches":{"total":19,"covered":13,"skipped":0,"pct":68.42}}
,"/Users/wojtekhombek/Library/CloudStorage/OneDrive-Personal/02_KURSY/10xDEVS/10x-cards/src/pages/api/flashcards/generate.ts": {"lines":{"total":80,"covered":0,"skipped":0,"pct":0},"functions":{"total":1,"covered":0,"skipped":0,"pct":0},"statements":{"total":80,"covered":0,"skipped":0,"pct":0},"branches":{"total":1,"covered":0,"skipped":0,"pct":0}}
,"/Users/wojtekhombek/Library/CloudStorage/OneDrive-Personal/02_KURSY/10xDEVS/10x-cards/src/pages/api/flashcards/index.ts": {"lines":{"total":68,"covered":0,"skipped":0,"pct":0},"functions":{"total":1,"covered":1,"skipped":0,"pct":100},"statements":{"total":68,"covered":0,"skipped":0,"pct":0},"branches":{"total":1,"covered":1,"skipped":0,"pct":100}}
}
